2025-12-18 14:02:06,727 - INFO - Logging initialized. Output directory: ./outputs/profile_full_mspa
2025-12-18 14:02:07,669 - INFO - Optimized Config: {'dataset': 'dryrun', 'data_root': './data', 'out_dir': './outputs/profile_full_mspa', 'model': 'phycl_net', 'epochs': 1, 'batch_size': 4, 'lr': 0.001, 'warmup_epochs': 5, 'accum_steps': 1, 'channels': 64, 'n_blocks': 4, 'kernel_sizes': [7, 15, 31, 63], 'freq_method': 'fft', 'fusion_variant': 'enhanced', 'fusion_kernel_sizes': (3, 5, 7), 'num_bands': 4, 'band_edges': None, 'adaptive_bands': True, 'attn_time': 'none', 'attn_freq': 'none', 'attn_fuse': 'none', 'attn_lite': 'none', 'faa_axis_attn': True, 'num_workers': 0, 'num_classes': 2, 'in_channels': 3, 'patience': 15, 'window_size': 512, 'stride': 256, 'channels_used': 'accel3', 'augment': False, 'noise_std': 0.05, 'scale_range': [0.9, 1.1], 'time_shift_ratio': 0.1, 'drop_prob': 0.1, 'eval_mode': 'loso', 'seeds': [42], 'amp': False, 'weighted_loss': False, 'profile': True, 'run_robustness': False, 'run_ablation_suite': False, 'allow_metrics_fallback': False, 'viz_tsne': False, 'viz_tsne_stage': 'final', 'viz_routing': False, 'viz_gradcam': False, 'loso_max_folds': None, 'deterministic': False, 'use_tfcl': False, 'ablation': {'mspa': True, 'dks': True, 'faa': True, 'tfcl': True, 'center': True}, 'proj_dim': 128, 'tf_temperature': 0.1, 'tf_supervised_weight': 0.1, 'tf_cross_weight': 0.3, 'tf_hierarchical': True, 'label_smoothing': 0.0, 'min_patience': 5, 'patience_decay': 0.9, 'loss_alpha': 0.1, 'loss_beta': 0.01, 'rocket_kernels': 256, 'rocket_kernel_size': 9, 'lstm_hidden': 128, 'stat_baseline': None, 'sample_rate': 50.0, 'cross_eval': False, 'resume': None}
2025-12-18 14:02:07,670 - INFO - Seed set to 42 (deterministic=False)
2025-12-18 14:02:08,131 - INFO - [main] Model: phycl_net
2025-12-18 14:02:08,131 - INFO - [main]   Total params: 1.65M
2025-12-18 14:02:08,131 - INFO - [main]   Trainable params: 1.65M
2025-12-18 14:02:09,619 - INFO - [main] Starting training: epochs=1, batch_size=4, num_workers=0, train_samples=200
2025-12-18 14:02:27,852 - DEBUG - Eval predictions unique: [0 1], counts: [23 27]
2025-12-18 14:02:27,853 - DEBUG - Eval labels unique: [0 1], counts: [20 30]
2025-12-18 14:02:27,854 - DEBUG - Eval confusion matrix:
[[12  8]
 [11 19]]
2025-12-18 14:02:27,855 - DEBUG - Manual metrics - Acc: 0.6200, Macro F1: 0.6124, Fall F1: 0.6667
2025-12-18 14:02:27,856 - DEBUG - Accuracy: 0.6200
2025-12-18 14:02:27,865 - DEBUG - F1 scores - Macro: 0.6124, Class0: 0.5581, Class1: 0.6667
2025-12-18 14:02:28,651 - INFO - [main] Seed 42 | Ep 1: Loss=0.7179 (ce=0.7023 center=1.5654) Val_F1=0.6124 Best_F1=0.6124
2025-12-18 14:02:29,686 - INFO - [main] Loaded best checkpoint from epoch 1
2025-12-18 14:02:30,831 - DEBUG - Eval predictions unique: [0 1], counts: [21 29]
2025-12-18 14:02:30,831 - DEBUG - Eval labels unique: [0 1], counts: [24 26]
2025-12-18 14:02:30,832 - DEBUG - Eval confusion matrix:
[[11 13]
 [10 16]]
2025-12-18 14:02:30,833 - DEBUG - Manual metrics - Acc: 0.5400, Macro F1: 0.5354, Fall F1: 0.5818
2025-12-18 14:02:30,834 - DEBUG - Accuracy: 0.5400
2025-12-18 14:02:30,843 - DEBUG - F1 scores - Macro: 0.5354, Class0: 0.4889, Class1: 0.5818
2025-12-18 14:02:30,865 - INFO - [main] Seed 42 Test Results: {'accuracy': 0.54, 'specificity': 0.4583333333333333, 'fall_f1': 0.5818181818181818, 'sensitivity': 0.6153846153846154, 'macro_f1': 0.5353535353535354, 'recall_macro': 0.5368589743589743, 'precision': 0.5377668308702792, 'balanced_accuracy': 0.5368589743589743, 'roc_auc': 0.4807692307692308, 'pr_auc': 0.5376546011621607, 'mcc': 0.07462028278336501, 'g_mean': 0.5310850045437944, 'false_alarm_rate': 0.5416666666666441, 'detection_latency_ms': 3258.181818181818, 'detection_latency_median_ms': 0.0, 'detection_latency_std_ms': 4512.749249085747, 'detection_latency_min_ms': 0.0, 'detection_latency_max_ms': 15360.0, 'detection_rate': 1.0, 'detection_total_falls': 11, 'detection_detected_falls': 11}
2025-12-18 14:02:30,868 - INFO - Saved confusion matrix to ./outputs/profile_full_mspa\confusion_matrix_seed42_main.npy
2025-12-18 14:02:30,869 - INFO - Saved error analysis to ./outputs/profile_full_mspa\errors_seed42_main.csv
2025-12-18 14:02:41,906 - INFO - ------------------------------
2025-12-18 14:02:41,907 - INFO - [Efficiency Report] Input: (1, 3, 512)
2025-12-18 14:02:41,907 - INFO -   - Params: 1.64 M
2025-12-18 14:02:41,907 - INFO -   - FLOPs: 0.204 G
2025-12-18 14:02:41,907 - INFO -   - Latency: 84.013 ms
2025-12-18 14:02:41,907 - INFO - ------------------------------
2025-12-18 14:02:41,908 - INFO - Saved efficiency report to ./outputs/profile_full_mspa\efficiency_seed42.json
2025-12-18 14:02:41,921 - INFO - Saved split stats to ./outputs/profile_full_mspa\split_stats_seed42.json
2025-12-18 14:02:41,928 - INFO - Final Summary: {
  "accuracy_95ci_mean": NaN,
  "accuracy_ci_lower_mean": NaN,
  "accuracy_ci_upper_mean": NaN,
  "accuracy_mean_mean": 0.54,
  "accuracy_mean_std": 0.0,
  "accuracy_mean_se": NaN,
  "accuracy_mean_n": 1,
  "accuracy_mean_95ci": null,
  "accuracy_mean_ci_lower": null,
  "accuracy_mean_ci_upper": null,
  "accuracy_n_mean": 1.0,
  "accuracy_n_std": 0.0,
  "accuracy_n_se": NaN,
  "accuracy_n_n": 1,
  "accuracy_n_95ci": null,
  "accuracy_n_ci_lower": null,
  "accuracy_n_ci_upper": null,
  "accuracy_se_mean": NaN,
  "accuracy_std_mean": 0.0,
  "accuracy_std_std": 0.0,
  "accuracy_std_se": NaN,
  "accuracy_std_n": 1,
  "accuracy_std_95ci": null,
  "accuracy_std_ci_lower": null,
  "accuracy_std_ci_upper": null,
  "balanced_accuracy_95ci_mean": NaN,
  "balanced_accuracy_ci_lower_mean": NaN,
  "balanced_accuracy_ci_upper_mean": NaN,
  "balanced_accuracy_mean_mean": 0.5368589743589743,
  "balanced_accuracy_mean_std": 0.0,
  "balanced_accuracy_mean_se": NaN,
  "balanced_accuracy_mean_n": 1,
  "balanced_accuracy_mean_95ci": null,
  "balanced_accuracy_mean_ci_lower": null,
  "balanced_accuracy_mean_ci_upper": null,
  "balanced_accuracy_n_mean": 1.0,
  "balanced_accuracy_n_std": 0.0,
  "balanced_accuracy_n_se": NaN,
  "balanced_accuracy_n_n": 1,
  "balanced_accuracy_n_95ci": null,
  "balanced_accuracy_n_ci_lower": null,
  "balanced_accuracy_n_ci_upper": null,
  "balanced_accuracy_se_mean": NaN,
  "balanced_accuracy_std_mean": 0.0,
  "balanced_accuracy_std_std": 0.0,
  "balanced_accuracy_std_se": NaN,
  "balanced_accuracy_std_n": 1,
  "balanced_accuracy_std_95ci": null,
  "balanced_accuracy_std_ci_lower": null,
  "balanced_accuracy_std_ci_upper": null,
  "detection_detected_falls_95ci_mean": NaN,
  "detection_detected_falls_ci_lower_mean": NaN,
  "detection_detected_falls_ci_upper_mean": NaN,
  "detection_detected_falls_mean_mean": 11.0,
  "detection_detected_falls_mean_std": 0.0,
  "detection_detected_falls_mean_se": NaN,
  "detection_detected_falls_mean_n": 1,
  "detection_detected_falls_mean_95ci": null,
  "detection_detected_falls_mean_ci_lower": null,
  "detection_detected_falls_mean_ci_upper": null,
  "detection_detected_falls_n_mean": 1.0,
  "detection_detected_falls_n_std": 0.0,
  "detection_detected_falls_n_se": NaN,
  "detection_detected_falls_n_n": 1,
  "detection_detected_falls_n_95ci": null,
  "detection_detected_falls_n_ci_lower": null,
  "detection_detected_falls_n_ci_upper": null,
  "detection_detected_falls_se_mean": NaN,
  "detection_detected_falls_std_mean": 0.0,
  "detection_detected_falls_std_std": 0.0,
  "detection_detected_falls_std_se": NaN,
  "detection_detected_falls_std_n": 1,
  "detection_detected_falls_std_95ci": null,
  "detection_detected_falls_std_ci_lower": null,
  "detection_detected_falls_std_ci_upper": null,
  "detection_latency_max_ms_95ci_mean": NaN,
  "detection_latency_max_ms_ci_lower_mean": NaN,
  "detection_latency_max_ms_ci_upper_mean": NaN,
  "detection_latency_max_ms_mean_mean": 15360.0,
  "detection_latency_max_ms_mean_std": 0.0,
  "detection_latency_max_ms_mean_se": NaN,
  "detection_latency_max_ms_mean_n": 1,
  "detection_latency_max_ms_mean_95ci": null,
  "detection_latency_max_ms_mean_ci_lower": null,
  "detection_latency_max_ms_mean_ci_upper": null,
  "detection_latency_max_ms_n_mean": 1.0,
  "detection_latency_max_ms_n_std": 0.0,
  "detection_latency_max_ms_n_se": NaN,
  "detection_latency_max_ms_n_n": 1,
  "detection_latency_max_ms_n_95ci": null,
  "detection_latency_max_ms_n_ci_lower": null,
  "detection_latency_max_ms_n_ci_upper": null,
  "detection_latency_max_ms_se_mean": NaN,
  "detection_latency_max_ms_std_mean": 0.0,
  "detection_latency_max_ms_std_std": 0.0,
  "detection_latency_max_ms_std_se": NaN,
  "detection_latency_max_ms_std_n": 1,
  "detection_latency_max_ms_std_95ci": null,
  "detection_latency_max_ms_std_ci_lower": null,
  "detection_latency_max_ms_std_ci_upper": null,
  "detection_latency_median_ms_95ci_mean": NaN,
  "detection_latency_median_ms_ci_lower_mean": NaN,
  "detection_latency_median_ms_ci_upper_mean": NaN,
  "detection_latency_median_ms_mean_mean": 0.0,
  "detection_latency_median_ms_mean_std": 0.0,
  "detection_latency_median_ms_mean_se": NaN,
  "detection_latency_median_ms_mean_n": 1,
  "detection_latency_median_ms_mean_95ci": null,
  "detection_latency_median_ms_mean_ci_lower": null,
  "detection_latency_median_ms_mean_ci_upper": null,
  "detection_latency_median_ms_n_mean": 1.0,
  "detection_latency_median_ms_n_std": 0.0,
  "detection_latency_median_ms_n_se": NaN,
  "detection_latency_median_ms_n_n": 1,
  "detection_latency_median_ms_n_95ci": null,
  "detection_latency_median_ms_n_ci_lower": null,
  "detection_latency_median_ms_n_ci_upper": null,
  "detection_latency_median_ms_se_mean": NaN,
  "detection_latency_median_ms_std_mean": 0.0,
  "detection_latency_median_ms_std_std": 0.0,
  "detection_latency_median_ms_std_se": NaN,
  "detection_latency_median_ms_std_n": 1,
  "detection_latency_median_ms_std_95ci": null,
  "detection_latency_median_ms_std_ci_lower": null,
  "detection_latency_median_ms_std_ci_upper": null,
  "detection_latency_min_ms_95ci_mean": NaN,
  "detection_latency_min_ms_ci_lower_mean": NaN,
  "detection_latency_min_ms_ci_upper_mean": NaN,
  "detection_latency_min_ms_mean_mean": 0.0,
  "detection_latency_min_ms_mean_std": 0.0,
  "detection_latency_min_ms_mean_se": NaN,
  "detection_latency_min_ms_mean_n": 1,
  "detection_latency_min_ms_mean_95ci": null,
  "detection_latency_min_ms_mean_ci_lower": null,
  "detection_latency_min_ms_mean_ci_upper": null,
  "detection_latency_min_ms_n_mean": 1.0,
  "detection_latency_min_ms_n_std": 0.0,
  "detection_latency_min_ms_n_se": NaN,
  "detection_latency_min_ms_n_n": 1,
  "detection_latency_min_ms_n_95ci": null,
  "detection_latency_min_ms_n_ci_lower": null,
  "detection_latency_min_ms_n_ci_upper": null,
  "detection_latency_min_ms_se_mean": NaN,
  "detection_latency_min_ms_std_mean": 0.0,
  "detection_latency_min_ms_std_std": 0.0,
  "detection_latency_min_ms_std_se": NaN,
  "detection_latency_min_ms_std_n": 1,
  "detection_latency_min_ms_std_95ci": null,
  "detection_latency_min_ms_std_ci_lower": null,
  "detection_latency_min_ms_std_ci_upper": null,
  "detection_latency_ms_95ci_mean": NaN,
  "detection_latency_ms_ci_lower_mean": NaN,
  "detection_latency_ms_ci_upper_mean": NaN,
  "detection_latency_ms_mean_mean": 3258.181818181818,
  "detection_latency_ms_mean_std": 0.0,
  "detection_latency_ms_mean_se": NaN,
  "detection_latency_ms_mean_n": 1,
  "detection_latency_ms_mean_95ci": null,
  "detection_latency_ms_mean_ci_lower": null,
  "detection_latency_ms_mean_ci_upper": null,
  "detection_latency_ms_n_mean": 1.0,
  "detection_latency_ms_n_std": 0.0,
  "detection_latency_ms_n_se": NaN,
  "detection_latency_ms_n_n": 1,
  "detection_latency_ms_n_95ci": null,
  "detection_latency_ms_n_ci_lower": null,
  "detection_latency_ms_n_ci_upper": null,
  "detection_latency_ms_se_mean": NaN,
  "detection_latency_ms_std_mean": 0.0,
  "detection_latency_ms_std_std": 0.0,
  "detection_latency_ms_std_se": NaN,
  "detection_latency_ms_std_n": 1,
  "detection_latency_ms_std_95ci": null,
  "detection_latency_ms_std_ci_lower": null,
  "detection_latency_ms_std_ci_upper": null,
  "detection_latency_std_ms_95ci_mean": NaN,
  "detection_latency_std_ms_ci_lower_mean": NaN,
  "detection_latency_std_ms_ci_upper_mean": NaN,
  "detection_latency_std_ms_mean_mean": 4512.749249085747,
  "detection_latency_std_ms_mean_std": 0.0,
  "detection_latency_std_ms_mean_se": NaN,
  "detection_latency_std_ms_mean_n": 1,
  "detection_latency_std_ms_mean_95ci": null,
  "detection_latency_std_ms_mean_ci_lower": null,
  "detection_latency_std_ms_mean_ci_upper": null,
  "detection_latency_std_ms_n_mean": 1.0,
  "detection_latency_std_ms_n_std": 0.0,
  "detection_latency_std_ms_n_se": NaN,
  "detection_latency_std_ms_n_n": 1,
  "detection_latency_std_ms_n_95ci": null,
  "detection_latency_std_ms_n_ci_lower": null,
  "detection_latency_std_ms_n_ci_upper": null,
  "detection_latency_std_ms_se_mean": NaN,
  "detection_latency_std_ms_std_mean": 0.0,
  "detection_latency_std_ms_std_std": 0.0,
  "detection_latency_std_ms_std_se": NaN,
  "detection_latency_std_ms_std_n": 1,
  "detection_latency_std_ms_std_95ci": null,
  "detection_latency_std_ms_std_ci_lower": null,
  "detection_latency_std_ms_std_ci_upper": null,
  "detection_rate_95ci_mean": NaN,
  "detection_rate_ci_lower_mean": NaN,
  "detection_rate_ci_upper_mean": NaN,
  "detection_rate_mean_mean": 1.0,
  "detection_rate_mean_std": 0.0,
  "detection_rate_mean_se": NaN,
  "detection_rate_mean_n": 1,
  "detection_rate_mean_95ci": null,
  "detection_rate_mean_ci_lower": null,
  "detection_rate_mean_ci_upper": null,
  "detection_rate_n_mean": 1.0,
  "detection_rate_n_std": 0.0,
  "detection_rate_n_se": NaN,
  "detection_rate_n_n": 1,
  "detection_rate_n_95ci": null,
  "detection_rate_n_ci_lower": null,
  "detection_rate_n_ci_upper": null,
  "detection_rate_se_mean": NaN,
  "detection_rate_std_mean": 0.0,
  "detection_rate_std_std": 0.0,
  "detection_rate_std_se": NaN,
  "detection_rate_std_n": 1,
  "detection_rate_std_95ci": null,
  "detection_rate_std_ci_lower": null,
  "detection_rate_std_ci_upper": null,
  "detection_total_falls_95ci_mean": NaN,
  "detection_total_falls_ci_lower_mean": NaN,
  "detection_total_falls_ci_upper_mean": NaN,
  "detection_total_falls_mean_mean": 11.0,
  "detection_total_falls_mean_std": 0.0,
  "detection_total_falls_mean_se": NaN,
  "detection_total_falls_mean_n": 1,
  "detection_total_falls_mean_95ci": null,
  "detection_total_falls_mean_ci_lower": null,
  "detection_total_falls_mean_ci_upper": null,
  "detection_total_falls_n_mean": 1.0,
  "detection_total_falls_n_std": 0.0,
  "detection_total_falls_n_se": NaN,
  "detection_total_falls_n_n": 1,
  "detection_total_falls_n_95ci": null,
  "detection_total_falls_n_ci_lower": null,
  "detection_total_falls_n_ci_upper": null,
  "detection_total_falls_se_mean": NaN,
  "detection_total_falls_std_mean": 0.0,
  "detection_total_falls_std_std": 0.0,
  "detection_total_falls_std_se": NaN,
  "detection_total_falls_std_n": 1,
  "detection_total_falls_std_95ci": null,
  "detection_total_falls_std_ci_lower": null,
  "detection_total_falls_std_ci_upper": null,
  "fall_f1_95ci_mean": NaN,
  "fall_f1_ci_lower_mean": NaN,
  "fall_f1_ci_upper_mean": NaN,
  "fall_f1_mean_mean": 0.5818181818181818,
  "fall_f1_mean_std": 0.0,
  "fall_f1_mean_se": NaN,
  "fall_f1_mean_n": 1,
  "fall_f1_mean_95ci": null,
  "fall_f1_mean_ci_lower": null,
  "fall_f1_mean_ci_upper": null,
  "fall_f1_n_mean": 1.0,
  "fall_f1_n_std": 0.0,
  "fall_f1_n_se": NaN,
  "fall_f1_n_n": 1,
  "fall_f1_n_95ci": null,
  "fall_f1_n_ci_lower": null,
  "fall_f1_n_ci_upper": null,
  "fall_f1_se_mean": NaN,
  "fall_f1_std_mean": 0.0,
  "fall_f1_std_std": 0.0,
  "fall_f1_std_se": NaN,
  "fall_f1_std_n": 1,
  "fall_f1_std_95ci": null,
  "fall_f1_std_ci_lower": null,
  "fall_f1_std_ci_upper": null,
  "false_alarm_rate_95ci_mean": NaN,
  "false_alarm_rate_ci_lower_mean": NaN,
  "false_alarm_rate_ci_upper_mean": NaN,
  "false_alarm_rate_mean_mean": 0.5416666666666441,
  "false_alarm_rate_mean_std": 0.0,
  "false_alarm_rate_mean_se": NaN,
  "false_alarm_rate_mean_n": 1,
  "false_alarm_rate_mean_95ci": null,
  "false_alarm_rate_mean_ci_lower": null,
  "false_alarm_rate_mean_ci_upper": null,
  "false_alarm_rate_n_mean": 1.0,
  "false_alarm_rate_n_std": 0.0,
  "false_alarm_rate_n_se": NaN,
  "false_alarm_rate_n_n": 1,
  "false_alarm_rate_n_95ci": null,
  "false_alarm_rate_n_ci_lower": null,
  "false_alarm_rate_n_ci_upper": null,
  "false_alarm_rate_se_mean": NaN,
  "false_alarm_rate_std_mean": 0.0,
  "false_alarm_rate_std_std": 0.0,
  "false_alarm_rate_std_se": NaN,
  "false_alarm_rate_std_n": 1,
  "false_alarm_rate_std_95ci": null,
  "false_alarm_rate_std_ci_lower": null,
  "false_alarm_rate_std_ci_upper": null,
  "g_mean_95ci_mean": NaN,
  "g_mean_ci_lower_mean": NaN,
  "g_mean_ci_upper_mean": NaN,
  "g_mean_mean_mean": 0.5310850045437944,
  "g_mean_mean_std": 0.0,
  "g_mean_mean_se": NaN,
  "g_mean_mean_n": 1,
  "g_mean_mean_95ci": null,
  "g_mean_mean_ci_lower": null,
  "g_mean_mean_ci_upper": null,
  "g_mean_n_mean": 1.0,
  "g_mean_n_std": 0.0,
  "g_mean_n_se": NaN,
  "g_mean_n_n": 1,
  "g_mean_n_95ci": null,
  "g_mean_n_ci_lower": null,
  "g_mean_n_ci_upper": null,
  "g_mean_se_mean": NaN,
  "g_mean_std_mean": 0.0,
  "g_mean_std_std": 0.0,
  "g_mean_std_se": NaN,
  "g_mean_std_n": 1,
  "g_mean_std_95ci": null,
  "g_mean_std_ci_lower": null,
  "g_mean_std_ci_upper": null,
  "macro_f1_95ci_mean": NaN,
  "macro_f1_ci_lower_mean": NaN,
  "macro_f1_ci_upper_mean": NaN,
  "macro_f1_mean_mean": 0.5353535353535354,
  "macro_f1_mean_std": 0.0,
  "macro_f1_mean_se": NaN,
  "macro_f1_mean_n": 1,
  "macro_f1_mean_95ci": null,
  "macro_f1_mean_ci_lower": null,
  "macro_f1_mean_ci_upper": null,
  "macro_f1_n_mean": 1.0,
  "macro_f1_n_std": 0.0,
  "macro_f1_n_se": NaN,
  "macro_f1_n_n": 1,
  "macro_f1_n_95ci": null,
  "macro_f1_n_ci_lower": null,
  "macro_f1_n_ci_upper": null,
  "macro_f1_se_mean": NaN,
  "macro_f1_std_mean": 0.0,
  "macro_f1_std_std": 0.0,
  "macro_f1_std_se": NaN,
  "macro_f1_std_n": 1,
  "macro_f1_std_95ci": null,
  "macro_f1_std_ci_lower": null,
  "macro_f1_std_ci_upper": null,
  "mcc_95ci_mean": NaN,
  "mcc_ci_lower_mean": NaN,
  "mcc_ci_upper_mean": NaN,
  "mcc_mean_mean": 0.07462028278336501,
  "mcc_mean_std": 0.0,
  "mcc_mean_se": NaN,
  "mcc_mean_n": 1,
  "mcc_mean_95ci": null,
  "mcc_mean_ci_lower": null,
  "mcc_mean_ci_upper": null,
  "mcc_n_mean": 1.0,
  "mcc_n_std": 0.0,
  "mcc_n_se": NaN,
  "mcc_n_n": 1,
  "mcc_n_95ci": null,
  "mcc_n_ci_lower": null,
  "mcc_n_ci_upper": null,
  "mcc_se_mean": NaN,
  "mcc_std_mean": 0.0,
  "mcc_std_std": 0.0,
  "mcc_std_se": NaN,
  "mcc_std_n": 1,
  "mcc_std_95ci": null,
  "mcc_std_ci_lower": null,
  "mcc_std_ci_upper": null,
  "pr_auc_95ci_mean": NaN,
  "pr_auc_ci_lower_mean": NaN,
  "pr_auc_ci_upper_mean": NaN,
  "pr_auc_mean_mean": 0.5376546011621607,
  "pr_auc_mean_std": 0.0,
  "pr_auc_mean_se": NaN,
  "pr_auc_mean_n": 1,
  "pr_auc_mean_95ci": null,
  "pr_auc_mean_ci_lower": null,
  "pr_auc_mean_ci_upper": null,
  "pr_auc_n_mean": 1.0,
  "pr_auc_n_std": 0.0,
  "pr_auc_n_se": NaN,
  "pr_auc_n_n": 1,
  "pr_auc_n_95ci": null,
  "pr_auc_n_ci_lower": null,
  "pr_auc_n_ci_upper": null,
  "pr_auc_se_mean": NaN,
  "pr_auc_std_mean": 0.0,
  "pr_auc_std_std": 0.0,
  "pr_auc_std_se": NaN,
  "pr_auc_std_n": 1,
  "pr_auc_std_95ci": null,
  "pr_auc_std_ci_lower": null,
  "pr_auc_std_ci_upper": null,
  "precision_95ci_mean": NaN,
  "precision_ci_lower_mean": NaN,
  "precision_ci_upper_mean": NaN,
  "precision_mean_mean": 0.5377668308702792,
  "precision_mean_std": 0.0,
  "precision_mean_se": NaN,
  "precision_mean_n": 1,
  "precision_mean_95ci": null,
  "precision_mean_ci_lower": null,
  "precision_mean_ci_upper": null,
  "precision_n_mean": 1.0,
  "precision_n_std": 0.0,
  "precision_n_se": NaN,
  "precision_n_n": 1,
  "precision_n_95ci": null,
  "precision_n_ci_lower": null,
  "precision_n_ci_upper": null,
  "precision_se_mean": NaN,
  "precision_std_mean": 0.0,
  "precision_std_std": 0.0,
  "precision_std_se": NaN,
  "precision_std_n": 1,
  "precision_std_95ci": null,
  "precision_std_ci_lower": null,
  "precision_std_ci_upper": null,
  "recall_macro_95ci_mean": NaN,
  "recall_macro_ci_lower_mean": NaN,
  "recall_macro_ci_upper_mean": NaN,
  "recall_macro_mean_mean": 0.5368589743589743,
  "recall_macro_mean_std": 0.0,
  "recall_macro_mean_se": NaN,
  "recall_macro_mean_n": 1,
  "recall_macro_mean_95ci": null,
  "recall_macro_mean_ci_lower": null,
  "recall_macro_mean_ci_upper": null,
  "recall_macro_n_mean": 1.0,
  "recall_macro_n_std": 0.0,
  "recall_macro_n_se": NaN,
  "recall_macro_n_n": 1,
  "recall_macro_n_95ci": null,
  "recall_macro_n_ci_lower": null,
  "recall_macro_n_ci_upper": null,
  "recall_macro_se_mean": NaN,
  "recall_macro_std_mean": 0.0,
  "recall_macro_std_std": 0.0,
  "recall_macro_std_se": NaN,
  "recall_macro_std_n": 1,
  "recall_macro_std_95ci": null,
  "recall_macro_std_ci_lower": null,
  "recall_macro_std_ci_upper": null,
  "roc_auc_95ci_mean": NaN,
  "roc_auc_ci_lower_mean": NaN,
  "roc_auc_ci_upper_mean": NaN,
  "roc_auc_mean_mean": 0.4807692307692308,
  "roc_auc_mean_std": 0.0,
  "roc_auc_mean_se": NaN,
  "roc_auc_mean_n": 1,
  "roc_auc_mean_95ci": null,
  "roc_auc_mean_ci_lower": null,
  "roc_auc_mean_ci_upper": null,
  "roc_auc_n_mean": 1.0,
  "roc_auc_n_std": 0.0,
  "roc_auc_n_se": NaN,
  "roc_auc_n_n": 1,
  "roc_auc_n_95ci": null,
  "roc_auc_n_ci_lower": null,
  "roc_auc_n_ci_upper": null,
  "roc_auc_se_mean": NaN,
  "roc_auc_std_mean": 0.0,
  "roc_auc_std_std": 0.0,
  "roc_auc_std_se": NaN,
  "roc_auc_std_n": 1,
  "roc_auc_std_95ci": null,
  "roc_auc_std_ci_lower": null,
  "roc_auc_std_ci_upper": null,
  "sensitivity_95ci_mean": NaN,
  "sensitivity_ci_lower_mean": NaN,
  "sensitivity_ci_upper_mean": NaN,
  "sensitivity_mean_mean": 0.6153846153846154,
  "sensitivity_mean_std": 0.0,
  "sensitivity_mean_se": NaN,
  "sensitivity_mean_n": 1,
  "sensitivity_mean_95ci": null,
  "sensitivity_mean_ci_lower": null,
  "sensitivity_mean_ci_upper": null,
  "sensitivity_n_mean": 1.0,
  "sensitivity_n_std": 0.0,
  "sensitivity_n_se": NaN,
  "sensitivity_n_n": 1,
  "sensitivity_n_95ci": null,
  "sensitivity_n_ci_lower": null,
  "sensitivity_n_ci_upper": null,
  "sensitivity_se_mean": NaN,
  "sensitivity_std_mean": 0.0,
  "sensitivity_std_std": 0.0,
  "sensitivity_std_se": NaN,
  "sensitivity_std_n": 1,
  "sensitivity_std_95ci": null,
  "sensitivity_std_ci_lower": null,
  "sensitivity_std_ci_upper": null,
  "specificity_95ci_mean": NaN,
  "specificity_ci_lower_mean": NaN,
  "specificity_ci_upper_mean": NaN,
  "specificity_mean_mean": 0.4583333333333333,
  "specificity_mean_std": 0.0,
  "specificity_mean_se": NaN,
  "specificity_mean_n": 1,
  "specificity_mean_95ci": null,
  "specificity_mean_ci_lower": null,
  "specificity_mean_ci_upper": null,
  "specificity_n_mean": 1.0,
  "specificity_n_std": 0.0,
  "specificity_n_se": NaN,
  "specificity_n_n": 1,
  "specificity_n_95ci": null,
  "specificity_n_ci_lower": null,
  "specificity_n_ci_upper": null,
  "specificity_se_mean": NaN,
  "specificity_std_mean": 0.0,
  "specificity_std_std": 0.0,
  "specificity_std_se": NaN,
  "specificity_std_n": 1,
  "specificity_std_95ci": null,
  "specificity_std_ci_lower": null,
  "specificity_std_ci_upper": null
}
