2025-12-18 18:31:53,467 - INFO - Logging initialized. Output directory: outputs/lite_amsnet_sa01
2025-12-18 18:31:54,933 - INFO - Optimized Config: {'dataset': 'sisfall', 'data_root': './data', 'out_dir': 'outputs/lite_amsnet_sa01', 'model': 'liteams', 'epochs': 50, 'batch_size': 64, 'lr': 0.001, 'warmup_epochs': 5, 'accum_steps': 1, 'channels': 248, 'n_blocks': 8, 'kernel_sizes': [7, 15, 31, 63], 'freq_method': 'fft', 'fusion_variant': 'enhanced', 'fusion_kernel_sizes': (3, 5, 7), 'num_bands': 4, 'band_edges': None, 'adaptive_bands': True, 'attn_time': 'none', 'attn_freq': 'none', 'attn_fuse': 'none', 'attn_lite': 'none', 'faa_axis_attn': True, 'num_workers': 0, 'num_classes': 2, 'in_channels': 3, 'patience': 15, 'window_size': 512, 'stride': 256, 'channels_used': 'accel3', 'augment': False, 'noise_std': 0.05, 'scale_range': [0.9, 1.1], 'time_shift_ratio': 0.1, 'drop_prob': 0.1, 'eval_mode': 'loso', 'seeds': [42], 'amp': True, 'weighted_loss': False, 'profile': False, 'run_robustness': False, 'run_ablation_suite': False, 'allow_metrics_fallback': False, 'viz_tsne': False, 'viz_tsne_stage': 'final', 'viz_routing': False, 'viz_gradcam': False, 'loso_max_folds': 1, 'deterministic': False, 'use_tfcl': False, 'ablation': {'mspa': True, 'dks': True, 'faa': True, 'tfcl': True, 'center': True}, 'proj_dim': 128, 'tf_temperature': 0.1, 'tf_supervised_weight': 0.1, 'tf_cross_weight': 0.3, 'tf_hierarchical': True, 'label_smoothing': 0.0, 'min_patience': 5, 'patience_decay': 0.9, 'loss_alpha': 0.1, 'loss_beta': 0.01, 'rocket_kernels': 256, 'rocket_kernel_size': 9, 'lstm_hidden': 128, 'stat_baseline': None, 'sample_rate': 50.0, 'cross_eval': False, 'resume': None}
2025-12-18 18:31:54,934 - INFO - Seed set to 42 (deterministic=False)
2025-12-18 18:31:54,982 - INFO - Running LOSO across 12 subjects.
2025-12-18 18:33:23,112 - INFO - [loso_SA01] Model: liteams
2025-12-18 18:33:23,112 - INFO - [loso_SA01]   Total params: 1.03M
2025-12-18 18:33:23,113 - INFO - [loso_SA01]   Trainable params: 1.03M
2025-12-18 18:33:25,334 - INFO - [loso_SA01] Starting training: epochs=50, batch_size=64, num_workers=0, train_samples=14446
2025-12-18 18:34:02,523 - DEBUG - Eval predictions unique: [0 1], counts: [3215 2209]
2025-12-18 18:34:02,524 - DEBUG - Eval labels unique: [0 1], counts: [3174 2250]
2025-12-18 18:34:02,532 - DEBUG - Eval confusion matrix:
[[2970  204]
 [ 245 2005]]
2025-12-18 18:34:02,534 - DEBUG - Manual metrics - Acc: 0.9172, Macro F1: 0.9145, Fall F1: 0.8993
2025-12-18 18:34:02,540 - DEBUG - Accuracy: 0.9172
2025-12-18 18:34:02,585 - DEBUG - F1 scores - Macro: 0.9145, Class0: 0.9297, Class1: 0.8993
2025-12-18 18:34:02,943 - INFO - [loso_SA01] Seed 42 | Ep 1: Loss=0.1683 (ce=0.1683) Val_F1=0.9145 Best_F1=0.9145
2025-12-18 18:34:34,711 - DEBUG - Eval predictions unique: [0 1], counts: [2971 2453]
2025-12-18 18:34:34,712 - DEBUG - Eval labels unique: [0 1], counts: [3174 2250]
2025-12-18 18:34:34,719 - DEBUG - Eval confusion matrix:
[[2908  266]
 [  63 2187]]
2025-12-18 18:34:34,720 - DEBUG - Manual metrics - Acc: 0.9393, Macro F1: 0.9383, Fall F1: 0.9300
2025-12-18 18:34:34,725 - DEBUG - Accuracy: 0.9393
2025-12-18 18:34:34,766 - DEBUG - F1 scores - Macro: 0.9383, Class0: 0.9465, Class1: 0.9300
2025-12-18 18:34:35,082 - INFO - [loso_SA01] Seed 42 | Ep 2: Loss=0.0838 (ce=0.0838) Val_F1=0.9383 Best_F1=0.9383
2025-12-18 18:35:07,163 - DEBUG - Eval predictions unique: [0 1], counts: [2991 2433]
2025-12-18 18:35:07,165 - DEBUG - Eval labels unique: [0 1], counts: [3174 2250]
2025-12-18 18:35:07,173 - DEBUG - Eval confusion matrix:
[[2917  257]
 [  74 2176]]
2025-12-18 18:35:07,174 - DEBUG - Manual metrics - Acc: 0.9390, Macro F1: 0.9378, Fall F1: 0.9293
2025-12-18 18:35:07,180 - DEBUG - Accuracy: 0.9390
2025-12-18 18:35:07,223 - DEBUG - F1 scores - Macro: 0.9378, Class0: 0.9463, Class1: 0.9293
2025-12-18 18:35:07,462 - INFO - [loso_SA01] Seed 42 | Ep 3: Loss=0.0674 (ce=0.0674) Val_F1=0.9378 Best_F1=0.9383
2025-12-18 18:35:39,105 - DEBUG - Eval predictions unique: [0 1], counts: [3145 2279]
2025-12-18 18:35:39,106 - DEBUG - Eval labels unique: [0 1], counts: [3174 2250]
2025-12-18 18:35:39,113 - DEBUG - Eval confusion matrix:
[[3012  162]
 [ 133 2117]]
2025-12-18 18:35:39,115 - DEBUG - Manual metrics - Acc: 0.9456, Macro F1: 0.9441, Fall F1: 0.9349
2025-12-18 18:35:39,121 - DEBUG - Accuracy: 0.9456
2025-12-18 18:35:39,169 - DEBUG - F1 scores - Macro: 0.9441, Class0: 0.9533, Class1: 0.9349
2025-12-18 18:35:39,510 - INFO - [loso_SA01] Seed 42 | Ep 4: Loss=0.0570 (ce=0.0570) Val_F1=0.9441 Best_F1=0.9441
2025-12-18 18:36:11,854 - DEBUG - Eval predictions unique: [0 1], counts: [3136 2288]
2025-12-18 18:36:11,855 - DEBUG - Eval labels unique: [0 1], counts: [3174 2250]
2025-12-18 18:36:11,862 - DEBUG - Eval confusion matrix:
[[3047  127]
 [  89 2161]]
2025-12-18 18:36:11,864 - DEBUG - Manual metrics - Acc: 0.9602, Macro F1: 0.9591, Fall F1: 0.9524
2025-12-18 18:36:11,869 - DEBUG - Accuracy: 0.9602
2025-12-18 18:36:11,909 - DEBUG - F1 scores - Macro: 0.9591, Class0: 0.9658, Class1: 0.9524
2025-12-18 18:36:12,259 - INFO - [loso_SA01] Seed 42 | Ep 5: Loss=0.0441 (ce=0.0441) Val_F1=0.9591 Best_F1=0.9591
2025-12-18 18:36:43,790 - DEBUG - Eval predictions unique: [0 1], counts: [3130 2294]
2025-12-18 18:36:43,791 - DEBUG - Eval labels unique: [0 1], counts: [3174 2250]
2025-12-18 18:36:43,798 - DEBUG - Eval confusion matrix:
[[3051  123]
 [  79 2171]]
2025-12-18 18:36:43,800 - DEBUG - Manual metrics - Acc: 0.9628, Macro F1: 0.9618, Fall F1: 0.9555
2025-12-18 18:36:43,805 - DEBUG - Accuracy: 0.9628
2025-12-18 18:36:43,848 - DEBUG - F1 scores - Macro: 0.9618, Class0: 0.9680, Class1: 0.9555
2025-12-18 18:36:44,205 - INFO - [loso_SA01] Seed 42 | Ep 6: Loss=0.0352 (ce=0.0352) Val_F1=0.9618 Best_F1=0.9618
2025-12-18 18:37:15,774 - DEBUG - Eval predictions unique: [0 1], counts: [3269 2155]
2025-12-18 18:37:15,775 - DEBUG - Eval labels unique: [0 1], counts: [3174 2250]
2025-12-18 18:37:15,782 - DEBUG - Eval confusion matrix:
[[3083   91]
 [ 186 2064]]
2025-12-18 18:37:15,783 - DEBUG - Manual metrics - Acc: 0.9489, Macro F1: 0.9471, Fall F1: 0.9371
2025-12-18 18:37:15,789 - DEBUG - Accuracy: 0.9489
2025-12-18 18:37:15,829 - DEBUG - F1 scores - Macro: 0.9471, Class0: 0.9570, Class1: 0.9371
2025-12-18 18:37:16,055 - INFO - [loso_SA01] Seed 42 | Ep 7: Loss=0.0352 (ce=0.0352) Val_F1=0.9471 Best_F1=0.9618
2025-12-18 18:37:48,247 - DEBUG - Eval predictions unique: [0 1], counts: [3156 2268]
2025-12-18 18:37:48,248 - DEBUG - Eval labels unique: [0 1], counts: [3174 2250]
2025-12-18 18:37:48,256 - DEBUG - Eval confusion matrix:
[[3072  102]
 [  84 2166]]
2025-12-18 18:37:48,258 - DEBUG - Manual metrics - Acc: 0.9657, Macro F1: 0.9647, Fall F1: 0.9588
2025-12-18 18:37:48,264 - DEBUG - Accuracy: 0.9657
2025-12-18 18:37:48,310 - DEBUG - F1 scores - Macro: 0.9647, Class0: 0.9706, Class1: 0.9588
2025-12-18 18:37:48,674 - INFO - [loso_SA01] Seed 42 | Ep 8: Loss=0.0255 (ce=0.0255) Val_F1=0.9647 Best_F1=0.9647
2025-12-18 18:38:20,516 - DEBUG - Eval predictions unique: [0 1], counts: [3170 2254]
2025-12-18 18:38:20,517 - DEBUG - Eval labels unique: [0 1], counts: [3174 2250]
2025-12-18 18:38:20,524 - DEBUG - Eval confusion matrix:
[[3064  110]
 [ 106 2144]]
2025-12-18 18:38:20,526 - DEBUG - Manual metrics - Acc: 0.9602, Macro F1: 0.9590, Fall F1: 0.9520
2025-12-18 18:38:20,532 - DEBUG - Accuracy: 0.9602
2025-12-18 18:38:20,576 - DEBUG - F1 scores - Macro: 0.9590, Class0: 0.9660, Class1: 0.9520
2025-12-18 18:38:20,831 - INFO - [loso_SA01] Seed 42 | Ep 9: Loss=0.0232 (ce=0.0232) Val_F1=0.9590 Best_F1=0.9647
2025-12-18 18:38:52,678 - DEBUG - Eval predictions unique: [0 1], counts: [3175 2249]
2025-12-18 18:38:52,679 - DEBUG - Eval labels unique: [0 1], counts: [3174 2250]
2025-12-18 18:38:52,685 - DEBUG - Eval confusion matrix:
[[3093   81]
 [  82 2168]]
2025-12-18 18:38:52,687 - DEBUG - Manual metrics - Acc: 0.9699, Macro F1: 0.9690, Fall F1: 0.9638
2025-12-18 18:38:52,692 - DEBUG - Accuracy: 0.9699
2025-12-18 18:38:52,735 - DEBUG - F1 scores - Macro: 0.9690, Class0: 0.9743, Class1: 0.9638
2025-12-18 18:38:53,084 - INFO - [loso_SA01] Seed 42 | Ep 10: Loss=0.0226 (ce=0.0226) Val_F1=0.9690 Best_F1=0.9690
2025-12-18 18:39:25,067 - DEBUG - Eval predictions unique: [0 1], counts: [3257 2167]
2025-12-18 18:39:25,068 - DEBUG - Eval labels unique: [0 1], counts: [3174 2250]
2025-12-18 18:39:25,075 - DEBUG - Eval confusion matrix:
[[3123   51]
 [ 134 2116]]
2025-12-18 18:39:25,077 - DEBUG - Manual metrics - Acc: 0.9659, Macro F1: 0.9647, Fall F1: 0.9581
2025-12-18 18:39:25,082 - DEBUG - Accuracy: 0.9659
2025-12-18 18:39:25,122 - DEBUG - F1 scores - Macro: 0.9647, Class0: 0.9712, Class1: 0.9581
2025-12-18 18:39:25,344 - INFO - [loso_SA01] Seed 42 | Ep 11: Loss=0.0237 (ce=0.0237) Val_F1=0.9647 Best_F1=0.9690
2025-12-18 18:39:57,411 - DEBUG - Eval predictions unique: [0 1], counts: [3186 2238]
2025-12-18 18:39:57,412 - DEBUG - Eval labels unique: [0 1], counts: [3174 2250]
2025-12-18 18:39:57,419 - DEBUG - Eval confusion matrix:
[[3096   78]
 [  90 2160]]
2025-12-18 18:39:57,421 - DEBUG - Manual metrics - Acc: 0.9690, Macro F1: 0.9681, Fall F1: 0.9626
2025-12-18 18:39:57,426 - DEBUG - Accuracy: 0.9690
2025-12-18 18:39:57,472 - DEBUG - F1 scores - Macro: 0.9681, Class0: 0.9736, Class1: 0.9626
2025-12-18 18:39:57,700 - INFO - [loso_SA01] Seed 42 | Ep 12: Loss=0.0162 (ce=0.0162) Val_F1=0.9681 Best_F1=0.9690
2025-12-18 18:40:30,691 - DEBUG - Eval predictions unique: [0 1], counts: [3161 2263]
2025-12-18 18:40:30,692 - DEBUG - Eval labels unique: [0 1], counts: [3174 2250]
2025-12-18 18:40:30,698 - DEBUG - Eval confusion matrix:
[[3101   73]
 [  60 2190]]
2025-12-18 18:40:30,700 - DEBUG - Manual metrics - Acc: 0.9755, Macro F1: 0.9748, Fall F1: 0.9705
2025-12-18 18:40:30,705 - DEBUG - Accuracy: 0.9755
2025-12-18 18:40:30,745 - DEBUG - F1 scores - Macro: 0.9748, Class0: 0.9790, Class1: 0.9705
2025-12-18 18:40:31,069 - INFO - [loso_SA01] Seed 42 | Ep 13: Loss=0.0177 (ce=0.0177) Val_F1=0.9748 Best_F1=0.9748
2025-12-18 18:41:03,191 - DEBUG - Eval predictions unique: [0 1], counts: [3154 2270]
2025-12-18 18:41:03,192 - DEBUG - Eval labels unique: [0 1], counts: [3174 2250]
2025-12-18 18:41:03,199 - DEBUG - Eval confusion matrix:
[[3070  104]
 [  84 2166]]
2025-12-18 18:41:03,200 - DEBUG - Manual metrics - Acc: 0.9653, Macro F1: 0.9643, Fall F1: 0.9584
2025-12-18 18:41:03,206 - DEBUG - Accuracy: 0.9653
2025-12-18 18:41:03,248 - DEBUG - F1 scores - Macro: 0.9643, Class0: 0.9703, Class1: 0.9584
2025-12-18 18:41:03,485 - INFO - [loso_SA01] Seed 42 | Ep 14: Loss=0.0178 (ce=0.0178) Val_F1=0.9643 Best_F1=0.9748
2025-12-18 18:41:33,893 - DEBUG - Eval predictions unique: [0 1], counts: [3125 2299]
2025-12-18 18:41:33,894 - DEBUG - Eval labels unique: [0 1], counts: [3174 2250]
2025-12-18 18:41:33,901 - DEBUG - Eval confusion matrix:
[[3070  104]
 [  55 2195]]
2025-12-18 18:41:33,902 - DEBUG - Manual metrics - Acc: 0.9707, Macro F1: 0.9699, Fall F1: 0.9650
2025-12-18 18:41:33,907 - DEBUG - Accuracy: 0.9707
2025-12-18 18:41:33,948 - DEBUG - F1 scores - Macro: 0.9699, Class0: 0.9748, Class1: 0.9650
2025-12-18 18:41:34,166 - INFO - [loso_SA01] Seed 42 | Ep 15: Loss=0.0151 (ce=0.0151) Val_F1=0.9699 Best_F1=0.9748
2025-12-18 18:42:03,863 - DEBUG - Eval predictions unique: [0 1], counts: [3131 2293]
2025-12-18 18:42:03,864 - DEBUG - Eval labels unique: [0 1], counts: [3174 2250]
2025-12-18 18:42:03,872 - DEBUG - Eval confusion matrix:
[[3075   99]
 [  56 2194]]
2025-12-18 18:42:03,874 - DEBUG - Manual metrics - Acc: 0.9714, Macro F1: 0.9706, Fall F1: 0.9659
2025-12-18 18:42:03,880 - DEBUG - Accuracy: 0.9714
2025-12-18 18:42:03,926 - DEBUG - F1 scores - Macro: 0.9706, Class0: 0.9754, Class1: 0.9659
2025-12-18 18:42:04,143 - INFO - [loso_SA01] Seed 42 | Ep 16: Loss=0.0127 (ce=0.0127) Val_F1=0.9706 Best_F1=0.9748
2025-12-18 18:42:33,204 - DEBUG - Eval predictions unique: [0 1], counts: [3078 2346]
2025-12-18 18:42:33,205 - DEBUG - Eval labels unique: [0 1], counts: [3174 2250]
2025-12-18 18:42:33,213 - DEBUG - Eval confusion matrix:
[[3050  124]
 [  28 2222]]
2025-12-18 18:42:33,214 - DEBUG - Manual metrics - Acc: 0.9720, Macro F1: 0.9713, Fall F1: 0.9669
2025-12-18 18:42:33,221 - DEBUG - Accuracy: 0.9720
2025-12-18 18:42:33,262 - DEBUG - F1 scores - Macro: 0.9713, Class0: 0.9757, Class1: 0.9669
2025-12-18 18:42:33,501 - INFO - [loso_SA01] Seed 42 | Ep 17: Loss=0.0150 (ce=0.0150) Val_F1=0.9713 Best_F1=0.9748
2025-12-18 18:43:04,725 - DEBUG - Eval predictions unique: [0 1], counts: [3097 2327]
2025-12-18 18:43:04,726 - DEBUG - Eval labels unique: [0 1], counts: [3174 2250]
2025-12-18 18:43:04,733 - DEBUG - Eval confusion matrix:
[[3054  120]
 [  43 2207]]
2025-12-18 18:43:04,734 - DEBUG - Manual metrics - Acc: 0.9699, Macro F1: 0.9692, Fall F1: 0.9644
2025-12-18 18:43:04,740 - DEBUG - Accuracy: 0.9699
2025-12-18 18:43:04,784 - DEBUG - F1 scores - Macro: 0.9692, Class0: 0.9740, Class1: 0.9644
2025-12-18 18:43:05,044 - INFO - [loso_SA01] Seed 42 | Ep 18: Loss=0.0130 (ce=0.0130) Val_F1=0.9692 Best_F1=0.9748
2025-12-18 18:43:05,045 - INFO - [loso_SA01] Early stopping at epoch 18
2025-12-18 18:43:05,282 - INFO - [loso_SA01] Loaded best checkpoint from epoch 13
2025-12-18 18:43:06,968 - DEBUG - Eval predictions unique: [0 1], counts: [1088  720]
2025-12-18 18:43:06,968 - DEBUG - Eval labels unique: [0 1], counts: [1058  750]
2025-12-18 18:43:06,972 - DEBUG - Eval confusion matrix:
[[1057    1]
 [  31  719]]
2025-12-18 18:43:06,973 - DEBUG - Manual metrics - Acc: 0.9823, Macro F1: 0.9817, Fall F1: 0.9782
2025-12-18 18:43:06,976 - DEBUG - Accuracy: 0.9823
2025-12-18 18:43:06,998 - DEBUG - F1 scores - Macro: 0.9817, Class0: 0.9851, Class1: 0.9782
2025-12-18 18:43:07,054 - INFO - [loso_SA01] Seed 42 Test Results: {'accuracy': 0.9823008849557522, 'specificity': 0.999054820415879, 'fall_f1': 0.9782312925170068, 'sensitivity': 0.9586666666666667, 'macro_f1': 0.9816599146648408, 'recall_macro': 0.9788607435412728, 'precision': 0.9850592320261438, 'balanced_accuracy': 0.9788607435412728, 'roc_auc': 0.9991921865154378, 'pr_auc': 0.9990423845409022, 'mcc': 0.9639000456678026, 'g_mean': 0.9786524176158541, 'false_alarm_rate': 0.0009451795841209821, 'detection_latency_ms': 0.0, 'detection_latency_median_ms': 0.0, 'detection_latency_std_ms': 0.0, 'detection_latency_min_ms': 0.0, 'detection_latency_max_ms': 0.0, 'detection_rate': 1.0, 'detection_total_falls': 1, 'detection_detected_falls': 1}
2025-12-18 18:43:07,059 - INFO - Saved confusion matrix to outputs/lite_amsnet_sa01\confusion_matrix_seed42_loso_SA01.npy
2025-12-18 18:43:07,069 - INFO - Saved error analysis to outputs/lite_amsnet_sa01\errors_seed42_loso_SA01.csv
2025-12-18 18:43:07,072 - INFO - [loso] Reached loso_max_folds=1, stopping early.
2025-12-18 18:43:07,091 - INFO - Saved LOSO fold results to outputs/lite_amsnet_sa01\loso_results_seed42.json
2025-12-18 18:43:07,092 - INFO - Saved split stats to outputs/lite_amsnet_sa01\split_stats_seed42.json
2025-12-18 18:43:07,140 - INFO - Final Summary: {
  "accuracy_95ci_mean": NaN,
  "accuracy_ci_lower_mean": NaN,
  "accuracy_ci_upper_mean": NaN,
  "accuracy_mean_mean": 0.9823008849557522,
  "accuracy_mean_std": 0.0,
  "accuracy_mean_se": NaN,
  "accuracy_mean_n": 1,
  "accuracy_mean_95ci": null,
  "accuracy_mean_ci_lower": null,
  "accuracy_mean_ci_upper": null,
  "accuracy_n_mean": 1.0,
  "accuracy_n_std": 0.0,
  "accuracy_n_se": NaN,
  "accuracy_n_n": 1,
  "accuracy_n_95ci": null,
  "accuracy_n_ci_lower": null,
  "accuracy_n_ci_upper": null,
  "accuracy_se_mean": NaN,
  "accuracy_std_mean": 0.0,
  "accuracy_std_std": 0.0,
  "accuracy_std_se": NaN,
  "accuracy_std_n": 1,
  "accuracy_std_95ci": null,
  "accuracy_std_ci_lower": null,
  "accuracy_std_ci_upper": null,
  "balanced_accuracy_95ci_mean": NaN,
  "balanced_accuracy_ci_lower_mean": NaN,
  "balanced_accuracy_ci_upper_mean": NaN,
  "balanced_accuracy_mean_mean": 0.9788607435412728,
  "balanced_accuracy_mean_std": 0.0,
  "balanced_accuracy_mean_se": NaN,
  "balanced_accuracy_mean_n": 1,
  "balanced_accuracy_mean_95ci": null,
  "balanced_accuracy_mean_ci_lower": null,
  "balanced_accuracy_mean_ci_upper": null,
  "balanced_accuracy_n_mean": 1.0,
  "balanced_accuracy_n_std": 0.0,
  "balanced_accuracy_n_se": NaN,
  "balanced_accuracy_n_n": 1,
  "balanced_accuracy_n_95ci": null,
  "balanced_accuracy_n_ci_lower": null,
  "balanced_accuracy_n_ci_upper": null,
  "balanced_accuracy_se_mean": NaN,
  "balanced_accuracy_std_mean": 0.0,
  "balanced_accuracy_std_std": 0.0,
  "balanced_accuracy_std_se": NaN,
  "balanced_accuracy_std_n": 1,
  "balanced_accuracy_std_95ci": null,
  "balanced_accuracy_std_ci_lower": null,
  "balanced_accuracy_std_ci_upper": null,
  "detection_detected_falls_95ci_mean": NaN,
  "detection_detected_falls_ci_lower_mean": NaN,
  "detection_detected_falls_ci_upper_mean": NaN,
  "detection_detected_falls_mean_mean": 1.0,
  "detection_detected_falls_mean_std": 0.0,
  "detection_detected_falls_mean_se": NaN,
  "detection_detected_falls_mean_n": 1,
  "detection_detected_falls_mean_95ci": null,
  "detection_detected_falls_mean_ci_lower": null,
  "detection_detected_falls_mean_ci_upper": null,
  "detection_detected_falls_n_mean": 1.0,
  "detection_detected_falls_n_std": 0.0,
  "detection_detected_falls_n_se": NaN,
  "detection_detected_falls_n_n": 1,
  "detection_detected_falls_n_95ci": null,
  "detection_detected_falls_n_ci_lower": null,
  "detection_detected_falls_n_ci_upper": null,
  "detection_detected_falls_se_mean": NaN,
  "detection_detected_falls_std_mean": 0.0,
  "detection_detected_falls_std_std": 0.0,
  "detection_detected_falls_std_se": NaN,
  "detection_detected_falls_std_n": 1,
  "detection_detected_falls_std_95ci": null,
  "detection_detected_falls_std_ci_lower": null,
  "detection_detected_falls_std_ci_upper": null,
  "detection_latency_max_ms_95ci_mean": NaN,
  "detection_latency_max_ms_ci_lower_mean": NaN,
  "detection_latency_max_ms_ci_upper_mean": NaN,
  "detection_latency_max_ms_mean_mean": 0.0,
  "detection_latency_max_ms_mean_std": 0.0,
  "detection_latency_max_ms_mean_se": NaN,
  "detection_latency_max_ms_mean_n": 1,
  "detection_latency_max_ms_mean_95ci": null,
  "detection_latency_max_ms_mean_ci_lower": null,
  "detection_latency_max_ms_mean_ci_upper": null,
  "detection_latency_max_ms_n_mean": 1.0,
  "detection_latency_max_ms_n_std": 0.0,
  "detection_latency_max_ms_n_se": NaN,
  "detection_latency_max_ms_n_n": 1,
  "detection_latency_max_ms_n_95ci": null,
  "detection_latency_max_ms_n_ci_lower": null,
  "detection_latency_max_ms_n_ci_upper": null,
  "detection_latency_max_ms_se_mean": NaN,
  "detection_latency_max_ms_std_mean": 0.0,
  "detection_latency_max_ms_std_std": 0.0,
  "detection_latency_max_ms_std_se": NaN,
  "detection_latency_max_ms_std_n": 1,
  "detection_latency_max_ms_std_95ci": null,
  "detection_latency_max_ms_std_ci_lower": null,
  "detection_latency_max_ms_std_ci_upper": null,
  "detection_latency_median_ms_95ci_mean": NaN,
  "detection_latency_median_ms_ci_lower_mean": NaN,
  "detection_latency_median_ms_ci_upper_mean": NaN,
  "detection_latency_median_ms_mean_mean": 0.0,
  "detection_latency_median_ms_mean_std": 0.0,
  "detection_latency_median_ms_mean_se": NaN,
  "detection_latency_median_ms_mean_n": 1,
  "detection_latency_median_ms_mean_95ci": null,
  "detection_latency_median_ms_mean_ci_lower": null,
  "detection_latency_median_ms_mean_ci_upper": null,
  "detection_latency_median_ms_n_mean": 1.0,
  "detection_latency_median_ms_n_std": 0.0,
  "detection_latency_median_ms_n_se": NaN,
  "detection_latency_median_ms_n_n": 1,
  "detection_latency_median_ms_n_95ci": null,
  "detection_latency_median_ms_n_ci_lower": null,
  "detection_latency_median_ms_n_ci_upper": null,
  "detection_latency_median_ms_se_mean": NaN,
  "detection_latency_median_ms_std_mean": 0.0,
  "detection_latency_median_ms_std_std": 0.0,
  "detection_latency_median_ms_std_se": NaN,
  "detection_latency_median_ms_std_n": 1,
  "detection_latency_median_ms_std_95ci": null,
  "detection_latency_median_ms_std_ci_lower": null,
  "detection_latency_median_ms_std_ci_upper": null,
  "detection_latency_min_ms_95ci_mean": NaN,
  "detection_latency_min_ms_ci_lower_mean": NaN,
  "detection_latency_min_ms_ci_upper_mean": NaN,
  "detection_latency_min_ms_mean_mean": 0.0,
  "detection_latency_min_ms_mean_std": 0.0,
  "detection_latency_min_ms_mean_se": NaN,
  "detection_latency_min_ms_mean_n": 1,
  "detection_latency_min_ms_mean_95ci": null,
  "detection_latency_min_ms_mean_ci_lower": null,
  "detection_latency_min_ms_mean_ci_upper": null,
  "detection_latency_min_ms_n_mean": 1.0,
  "detection_latency_min_ms_n_std": 0.0,
  "detection_latency_min_ms_n_se": NaN,
  "detection_latency_min_ms_n_n": 1,
  "detection_latency_min_ms_n_95ci": null,
  "detection_latency_min_ms_n_ci_lower": null,
  "detection_latency_min_ms_n_ci_upper": null,
  "detection_latency_min_ms_se_mean": NaN,
  "detection_latency_min_ms_std_mean": 0.0,
  "detection_latency_min_ms_std_std": 0.0,
  "detection_latency_min_ms_std_se": NaN,
  "detection_latency_min_ms_std_n": 1,
  "detection_latency_min_ms_std_95ci": null,
  "detection_latency_min_ms_std_ci_lower": null,
  "detection_latency_min_ms_std_ci_upper": null,
  "detection_latency_ms_95ci_mean": NaN,
  "detection_latency_ms_ci_lower_mean": NaN,
  "detection_latency_ms_ci_upper_mean": NaN,
  "detection_latency_ms_mean_mean": 0.0,
  "detection_latency_ms_mean_std": 0.0,
  "detection_latency_ms_mean_se": NaN,
  "detection_latency_ms_mean_n": 1,
  "detection_latency_ms_mean_95ci": null,
  "detection_latency_ms_mean_ci_lower": null,
  "detection_latency_ms_mean_ci_upper": null,
  "detection_latency_ms_n_mean": 1.0,
  "detection_latency_ms_n_std": 0.0,
  "detection_latency_ms_n_se": NaN,
  "detection_latency_ms_n_n": 1,
  "detection_latency_ms_n_95ci": null,
  "detection_latency_ms_n_ci_lower": null,
  "detection_latency_ms_n_ci_upper": null,
  "detection_latency_ms_se_mean": NaN,
  "detection_latency_ms_std_mean": 0.0,
  "detection_latency_ms_std_std": 0.0,
  "detection_latency_ms_std_se": NaN,
  "detection_latency_ms_std_n": 1,
  "detection_latency_ms_std_95ci": null,
  "detection_latency_ms_std_ci_lower": null,
  "detection_latency_ms_std_ci_upper": null,
  "detection_latency_std_ms_95ci_mean": NaN,
  "detection_latency_std_ms_ci_lower_mean": NaN,
  "detection_latency_std_ms_ci_upper_mean": NaN,
  "detection_latency_std_ms_mean_mean": 0.0,
  "detection_latency_std_ms_mean_std": 0.0,
  "detection_latency_std_ms_mean_se": NaN,
  "detection_latency_std_ms_mean_n": 1,
  "detection_latency_std_ms_mean_95ci": null,
  "detection_latency_std_ms_mean_ci_lower": null,
  "detection_latency_std_ms_mean_ci_upper": null,
  "detection_latency_std_ms_n_mean": 1.0,
  "detection_latency_std_ms_n_std": 0.0,
  "detection_latency_std_ms_n_se": NaN,
  "detection_latency_std_ms_n_n": 1,
  "detection_latency_std_ms_n_95ci": null,
  "detection_latency_std_ms_n_ci_lower": null,
  "detection_latency_std_ms_n_ci_upper": null,
  "detection_latency_std_ms_se_mean": NaN,
  "detection_latency_std_ms_std_mean": 0.0,
  "detection_latency_std_ms_std_std": 0.0,
  "detection_latency_std_ms_std_se": NaN,
  "detection_latency_std_ms_std_n": 1,
  "detection_latency_std_ms_std_95ci": null,
  "detection_latency_std_ms_std_ci_lower": null,
  "detection_latency_std_ms_std_ci_upper": null,
  "detection_rate_95ci_mean": NaN,
  "detection_rate_ci_lower_mean": NaN,
  "detection_rate_ci_upper_mean": NaN,
  "detection_rate_mean_mean": 1.0,
  "detection_rate_mean_std": 0.0,
  "detection_rate_mean_se": NaN,
  "detection_rate_mean_n": 1,
  "detection_rate_mean_95ci": null,
  "detection_rate_mean_ci_lower": null,
  "detection_rate_mean_ci_upper": null,
  "detection_rate_n_mean": 1.0,
  "detection_rate_n_std": 0.0,
  "detection_rate_n_se": NaN,
  "detection_rate_n_n": 1,
  "detection_rate_n_95ci": null,
  "detection_rate_n_ci_lower": null,
  "detection_rate_n_ci_upper": null,
  "detection_rate_se_mean": NaN,
  "detection_rate_std_mean": 0.0,
  "detection_rate_std_std": 0.0,
  "detection_rate_std_se": NaN,
  "detection_rate_std_n": 1,
  "detection_rate_std_95ci": null,
  "detection_rate_std_ci_lower": null,
  "detection_rate_std_ci_upper": null,
  "detection_total_falls_95ci_mean": NaN,
  "detection_total_falls_ci_lower_mean": NaN,
  "detection_total_falls_ci_upper_mean": NaN,
  "detection_total_falls_mean_mean": 1.0,
  "detection_total_falls_mean_std": 0.0,
  "detection_total_falls_mean_se": NaN,
  "detection_total_falls_mean_n": 1,
  "detection_total_falls_mean_95ci": null,
  "detection_total_falls_mean_ci_lower": null,
  "detection_total_falls_mean_ci_upper": null,
  "detection_total_falls_n_mean": 1.0,
  "detection_total_falls_n_std": 0.0,
  "detection_total_falls_n_se": NaN,
  "detection_total_falls_n_n": 1,
  "detection_total_falls_n_95ci": null,
  "detection_total_falls_n_ci_lower": null,
  "detection_total_falls_n_ci_upper": null,
  "detection_total_falls_se_mean": NaN,
  "detection_total_falls_std_mean": 0.0,
  "detection_total_falls_std_std": 0.0,
  "detection_total_falls_std_se": NaN,
  "detection_total_falls_std_n": 1,
  "detection_total_falls_std_95ci": null,
  "detection_total_falls_std_ci_lower": null,
  "detection_total_falls_std_ci_upper": null,
  "fall_f1_95ci_mean": NaN,
  "fall_f1_ci_lower_mean": NaN,
  "fall_f1_ci_upper_mean": NaN,
  "fall_f1_mean_mean": 0.9782312925170068,
  "fall_f1_mean_std": 0.0,
  "fall_f1_mean_se": NaN,
  "fall_f1_mean_n": 1,
  "fall_f1_mean_95ci": null,
  "fall_f1_mean_ci_lower": null,
  "fall_f1_mean_ci_upper": null,
  "fall_f1_n_mean": 1.0,
  "fall_f1_n_std": 0.0,
  "fall_f1_n_se": NaN,
  "fall_f1_n_n": 1,
  "fall_f1_n_95ci": null,
  "fall_f1_n_ci_lower": null,
  "fall_f1_n_ci_upper": null,
  "fall_f1_se_mean": NaN,
  "fall_f1_std_mean": 0.0,
  "fall_f1_std_std": 0.0,
  "fall_f1_std_se": NaN,
  "fall_f1_std_n": 1,
  "fall_f1_std_95ci": null,
  "fall_f1_std_ci_lower": null,
  "fall_f1_std_ci_upper": null,
  "false_alarm_rate_95ci_mean": NaN,
  "false_alarm_rate_ci_lower_mean": NaN,
  "false_alarm_rate_ci_upper_mean": NaN,
  "false_alarm_rate_mean_mean": 0.0009451795841209821,
  "false_alarm_rate_mean_std": 0.0,
  "false_alarm_rate_mean_se": NaN,
  "false_alarm_rate_mean_n": 1,
  "false_alarm_rate_mean_95ci": null,
  "false_alarm_rate_mean_ci_lower": null,
  "false_alarm_rate_mean_ci_upper": null,
  "false_alarm_rate_n_mean": 1.0,
  "false_alarm_rate_n_std": 0.0,
  "false_alarm_rate_n_se": NaN,
  "false_alarm_rate_n_n": 1,
  "false_alarm_rate_n_95ci": null,
  "false_alarm_rate_n_ci_lower": null,
  "false_alarm_rate_n_ci_upper": null,
  "false_alarm_rate_se_mean": NaN,
  "false_alarm_rate_std_mean": 0.0,
  "false_alarm_rate_std_std": 0.0,
  "false_alarm_rate_std_se": NaN,
  "false_alarm_rate_std_n": 1,
  "false_alarm_rate_std_95ci": null,
  "false_alarm_rate_std_ci_lower": null,
  "false_alarm_rate_std_ci_upper": null,
  "g_mean_95ci_mean": NaN,
  "g_mean_ci_lower_mean": NaN,
  "g_mean_ci_upper_mean": NaN,
  "g_mean_mean_mean": 0.9786524176158541,
  "g_mean_mean_std": 0.0,
  "g_mean_mean_se": NaN,
  "g_mean_mean_n": 1,
  "g_mean_mean_95ci": null,
  "g_mean_mean_ci_lower": null,
  "g_mean_mean_ci_upper": null,
  "g_mean_n_mean": 1.0,
  "g_mean_n_std": 0.0,
  "g_mean_n_se": NaN,
  "g_mean_n_n": 1,
  "g_mean_n_95ci": null,
  "g_mean_n_ci_lower": null,
  "g_mean_n_ci_upper": null,
  "g_mean_se_mean": NaN,
  "g_mean_std_mean": 0.0,
  "g_mean_std_std": 0.0,
  "g_mean_std_se": NaN,
  "g_mean_std_n": 1,
  "g_mean_std_95ci": null,
  "g_mean_std_ci_lower": null,
  "g_mean_std_ci_upper": null,
  "macro_f1_95ci_mean": NaN,
  "macro_f1_ci_lower_mean": NaN,
  "macro_f1_ci_upper_mean": NaN,
  "macro_f1_mean_mean": 0.9816599146648408,
  "macro_f1_mean_std": 0.0,
  "macro_f1_mean_se": NaN,
  "macro_f1_mean_n": 1,
  "macro_f1_mean_95ci": null,
  "macro_f1_mean_ci_lower": null,
  "macro_f1_mean_ci_upper": null,
  "macro_f1_n_mean": 1.0,
  "macro_f1_n_std": 0.0,
  "macro_f1_n_se": NaN,
  "macro_f1_n_n": 1,
  "macro_f1_n_95ci": null,
  "macro_f1_n_ci_lower": null,
  "macro_f1_n_ci_upper": null,
  "macro_f1_se_mean": NaN,
  "macro_f1_std_mean": 0.0,
  "macro_f1_std_std": 0.0,
  "macro_f1_std_se": NaN,
  "macro_f1_std_n": 1,
  "macro_f1_std_95ci": null,
  "macro_f1_std_ci_lower": null,
  "macro_f1_std_ci_upper": null,
  "mcc_95ci_mean": NaN,
  "mcc_ci_lower_mean": NaN,
  "mcc_ci_upper_mean": NaN,
  "mcc_mean_mean": 0.9639000456678026,
  "mcc_mean_std": 0.0,
  "mcc_mean_se": NaN,
  "mcc_mean_n": 1,
  "mcc_mean_95ci": null,
  "mcc_mean_ci_lower": null,
  "mcc_mean_ci_upper": null,
  "mcc_n_mean": 1.0,
  "mcc_n_std": 0.0,
  "mcc_n_se": NaN,
  "mcc_n_n": 1,
  "mcc_n_95ci": null,
  "mcc_n_ci_lower": null,
  "mcc_n_ci_upper": null,
  "mcc_se_mean": NaN,
  "mcc_std_mean": 0.0,
  "mcc_std_std": 0.0,
  "mcc_std_se": NaN,
  "mcc_std_n": 1,
  "mcc_std_95ci": null,
  "mcc_std_ci_lower": null,
  "mcc_std_ci_upper": null,
  "pr_auc_95ci_mean": NaN,
  "pr_auc_ci_lower_mean": NaN,
  "pr_auc_ci_upper_mean": NaN,
  "pr_auc_mean_mean": 0.9990423845409022,
  "pr_auc_mean_std": 0.0,
  "pr_auc_mean_se": NaN,
  "pr_auc_mean_n": 1,
  "pr_auc_mean_95ci": null,
  "pr_auc_mean_ci_lower": null,
  "pr_auc_mean_ci_upper": null,
  "pr_auc_n_mean": 1.0,
  "pr_auc_n_std": 0.0,
  "pr_auc_n_se": NaN,
  "pr_auc_n_n": 1,
  "pr_auc_n_95ci": null,
  "pr_auc_n_ci_lower": null,
  "pr_auc_n_ci_upper": null,
  "pr_auc_se_mean": NaN,
  "pr_auc_std_mean": 0.0,
  "pr_auc_std_std": 0.0,
  "pr_auc_std_se": NaN,
  "pr_auc_std_n": 1,
  "pr_auc_std_95ci": null,
  "pr_auc_std_ci_lower": null,
  "pr_auc_std_ci_upper": null,
  "precision_95ci_mean": NaN,
  "precision_ci_lower_mean": NaN,
  "precision_ci_upper_mean": NaN,
  "precision_mean_mean": 0.9850592320261438,
  "precision_mean_std": 0.0,
  "precision_mean_se": NaN,
  "precision_mean_n": 1,
  "precision_mean_95ci": null,
  "precision_mean_ci_lower": null,
  "precision_mean_ci_upper": null,
  "precision_n_mean": 1.0,
  "precision_n_std": 0.0,
  "precision_n_se": NaN,
  "precision_n_n": 1,
  "precision_n_95ci": null,
  "precision_n_ci_lower": null,
  "precision_n_ci_upper": null,
  "precision_se_mean": NaN,
  "precision_std_mean": 0.0,
  "precision_std_std": 0.0,
  "precision_std_se": NaN,
  "precision_std_n": 1,
  "precision_std_95ci": null,
  "precision_std_ci_lower": null,
  "precision_std_ci_upper": null,
  "recall_macro_95ci_mean": NaN,
  "recall_macro_ci_lower_mean": NaN,
  "recall_macro_ci_upper_mean": NaN,
  "recall_macro_mean_mean": 0.9788607435412728,
  "recall_macro_mean_std": 0.0,
  "recall_macro_mean_se": NaN,
  "recall_macro_mean_n": 1,
  "recall_macro_mean_95ci": null,
  "recall_macro_mean_ci_lower": null,
  "recall_macro_mean_ci_upper": null,
  "recall_macro_n_mean": 1.0,
  "recall_macro_n_std": 0.0,
  "recall_macro_n_se": NaN,
  "recall_macro_n_n": 1,
  "recall_macro_n_95ci": null,
  "recall_macro_n_ci_lower": null,
  "recall_macro_n_ci_upper": null,
  "recall_macro_se_mean": NaN,
  "recall_macro_std_mean": 0.0,
  "recall_macro_std_std": 0.0,
  "recall_macro_std_se": NaN,
  "recall_macro_std_n": 1,
  "recall_macro_std_95ci": null,
  "recall_macro_std_ci_lower": null,
  "recall_macro_std_ci_upper": null,
  "roc_auc_95ci_mean": NaN,
  "roc_auc_ci_lower_mean": NaN,
  "roc_auc_ci_upper_mean": NaN,
  "roc_auc_mean_mean": 0.9991921865154378,
  "roc_auc_mean_std": 0.0,
  "roc_auc_mean_se": NaN,
  "roc_auc_mean_n": 1,
  "roc_auc_mean_95ci": null,
  "roc_auc_mean_ci_lower": null,
  "roc_auc_mean_ci_upper": null,
  "roc_auc_n_mean": 1.0,
  "roc_auc_n_std": 0.0,
  "roc_auc_n_se": NaN,
  "roc_auc_n_n": 1,
  "roc_auc_n_95ci": null,
  "roc_auc_n_ci_lower": null,
  "roc_auc_n_ci_upper": null,
  "roc_auc_se_mean": NaN,
  "roc_auc_std_mean": 0.0,
  "roc_auc_std_std": 0.0,
  "roc_auc_std_se": NaN,
  "roc_auc_std_n": 1,
  "roc_auc_std_95ci": null,
  "roc_auc_std_ci_lower": null,
  "roc_auc_std_ci_upper": null,
  "sensitivity_95ci_mean": NaN,
  "sensitivity_ci_lower_mean": NaN,
  "sensitivity_ci_upper_mean": NaN,
  "sensitivity_mean_mean": 0.9586666666666667,
  "sensitivity_mean_std": 0.0,
  "sensitivity_mean_se": NaN,
  "sensitivity_mean_n": 1,
  "sensitivity_mean_95ci": null,
  "sensitivity_mean_ci_lower": null,
  "sensitivity_mean_ci_upper": null,
  "sensitivity_n_mean": 1.0,
  "sensitivity_n_std": 0.0,
  "sensitivity_n_se": NaN,
  "sensitivity_n_n": 1,
  "sensitivity_n_95ci": null,
  "sensitivity_n_ci_lower": null,
  "sensitivity_n_ci_upper": null,
  "sensitivity_se_mean": NaN,
  "sensitivity_std_mean": 0.0,
  "sensitivity_std_std": 0.0,
  "sensitivity_std_se": NaN,
  "sensitivity_std_n": 1,
  "sensitivity_std_95ci": null,
  "sensitivity_std_ci_lower": null,
  "sensitivity_std_ci_upper": null,
  "specificity_95ci_mean": NaN,
  "specificity_ci_lower_mean": NaN,
  "specificity_ci_upper_mean": NaN,
  "specificity_mean_mean": 0.999054820415879,
  "specificity_mean_std": 0.0,
  "specificity_mean_se": NaN,
  "specificity_mean_n": 1,
  "specificity_mean_95ci": null,
  "specificity_mean_ci_lower": null,
  "specificity_mean_ci_upper": null,
  "specificity_n_mean": 1.0,
  "specificity_n_std": 0.0,
  "specificity_n_se": NaN,
  "specificity_n_n": 1,
  "specificity_n_95ci": null,
  "specificity_n_ci_lower": null,
  "specificity_n_ci_upper": null,
  "specificity_se_mean": NaN,
  "specificity_std_mean": 0.0,
  "specificity_std_std": 0.0,
  "specificity_std_se": NaN,
  "specificity_std_n": 1,
  "specificity_std_95ci": null,
  "specificity_std_ci_lower": null,
  "specificity_std_ci_upper": null
}
