2025-12-18 13:32:11,481 - INFO - Logging initialized. Output directory: ./outputs
2025-12-18 13:32:12,509 - INFO - Optimized Config: {'dataset': 'sisfall', 'data_root': './data', 'out_dir': './outputs', 'model': 'phycl_net', 'epochs': 100, 'batch_size': 32, 'lr': 0.001, 'warmup_epochs': 5, 'accum_steps': 1, 'channels': 64, 'n_blocks': 4, 'kernel_sizes': [7, 15, 31, 63], 'freq_method': 'fft', 'fusion_variant': 'enhanced', 'fusion_kernel_sizes': (3, 5, 7), 'num_bands': 4, 'band_edges': None, 'adaptive_bands': True, 'attn_time': 'none', 'attn_freq': 'none', 'attn_fuse': 'none', 'attn_lite': 'none', 'faa_axis_attn': True, 'num_workers': 0, 'num_classes': 2, 'in_channels': 3, 'patience': 15, 'window_size': 512, 'stride': 256, 'channels_used': 'accel3', 'augment': False, 'noise_std': 0.05, 'scale_range': [0.9, 1.1], 'time_shift_ratio': 0.1, 'drop_prob': 0.1, 'eval_mode': 'loso', 'seeds': [456], 'amp': False, 'weighted_loss': False, 'profile': False, 'run_robustness': False, 'run_ablation_suite': False, 'allow_metrics_fallback': False, 'viz_tsne': False, 'viz_tsne_stage': 'final', 'viz_routing': False, 'viz_gradcam': False, 'loso_max_folds': None, 'deterministic': False, 'use_tfcl': False, 'ablation': {'mspa': False, 'dks': True, 'faa': True, 'tfcl': True, 'center': True}, 'proj_dim': 128, 'tf_temperature': 0.1, 'tf_supervised_weight': 0.1, 'tf_cross_weight': 0.3, 'tf_hierarchical': True, 'label_smoothing': 0.0, 'min_patience': 5, 'patience_decay': 0.9, 'loss_alpha': 0.1, 'loss_beta': 0.01, 'rocket_kernels': 256, 'rocket_kernel_size': 9, 'lstm_hidden': 128, 'stat_baseline': None, 'sample_rate': 50.0, 'cross_eval': False, 'resume': None}
2025-12-18 13:32:12,510 - INFO - Seed set to 456 (deterministic=False)
2025-12-18 13:32:12,510 - ERROR - Run failed for seed 456: Could not resolve SisFall root inside './data'. Ensure the folder contains 'ADL/' and 'FALL/' subdirectories.
2025-12-18 13:32:12,511 - ERROR - Traceback (most recent call last):
  File "D:\SCI666\code\PhyCL-Net_experiments.py", line 2795, in main
    res = run_one_experiment(config, s, args.resume)
  File "D:\SCI666\code\PhyCL-Net_experiments.py", line 2265, in run_one_experiment
    sisfall_root = _resolve_sisfall_root(config['data_root'])
  File "D:\SCI666\code\PhyCL-Net_experiments.py", line 1040, in _resolve_sisfall_root
    raise FileNotFoundError(
FileNotFoundError: Could not resolve SisFall root inside './data'. Ensure the folder contains 'ADL/' and 'FALL/' subdirectories.

2025-12-18 13:32:12,511 - INFO - Final Summary: {}
2025-12-18 13:32:41,624 - INFO - Logging initialized. Output directory: ./outputs
2025-12-18 13:32:42,651 - INFO - Optimized Config: {'dataset': 'sisfall', 'data_root': './data', 'out_dir': './outputs', 'model': 'phycl_net', 'epochs': 100, 'batch_size': 32, 'lr': 0.001, 'warmup_epochs': 5, 'accum_steps': 1, 'channels': 64, 'n_blocks': 4, 'kernel_sizes': [7, 15, 31, 63], 'freq_method': 'fft', 'fusion_variant': 'enhanced', 'fusion_kernel_sizes': (3, 5, 7), 'num_bands': 4, 'band_edges': None, 'adaptive_bands': True, 'attn_time': 'none', 'attn_freq': 'none', 'attn_fuse': 'none', 'attn_lite': 'none', 'faa_axis_attn': True, 'num_workers': 0, 'num_classes': 2, 'in_channels': 3, 'patience': 15, 'window_size': 512, 'stride': 256, 'channels_used': 'accel3', 'augment': False, 'noise_std': 0.05, 'scale_range': [0.9, 1.1], 'time_shift_ratio': 0.1, 'drop_prob': 0.1, 'eval_mode': 'loso', 'seeds': [789], 'amp': False, 'weighted_loss': False, 'profile': False, 'run_robustness': False, 'run_ablation_suite': False, 'allow_metrics_fallback': False, 'viz_tsne': False, 'viz_tsne_stage': 'final', 'viz_routing': False, 'viz_gradcam': False, 'loso_max_folds': None, 'deterministic': False, 'use_tfcl': False, 'ablation': {'mspa': False, 'dks': True, 'faa': True, 'tfcl': True, 'center': True}, 'proj_dim': 128, 'tf_temperature': 0.1, 'tf_supervised_weight': 0.1, 'tf_cross_weight': 0.3, 'tf_hierarchical': True, 'label_smoothing': 0.0, 'min_patience': 5, 'patience_decay': 0.9, 'loss_alpha': 0.1, 'loss_beta': 0.01, 'rocket_kernels': 256, 'rocket_kernel_size': 9, 'lstm_hidden': 128, 'stat_baseline': None, 'sample_rate': 50.0, 'cross_eval': False, 'resume': None}
2025-12-18 13:32:42,651 - INFO - Seed set to 789 (deterministic=False)
2025-12-18 13:32:42,652 - ERROR - Run failed for seed 789: Could not resolve SisFall root inside './data'. Ensure the folder contains 'ADL/' and 'FALL/' subdirectories.
2025-12-18 13:32:42,652 - ERROR - Traceback (most recent call last):
  File "D:\SCI666\code\PhyCL-Net_experiments.py", line 2795, in main
    res = run_one_experiment(config, s, args.resume)
  File "D:\SCI666\code\PhyCL-Net_experiments.py", line 2265, in run_one_experiment
    sisfall_root = _resolve_sisfall_root(config['data_root'])
  File "D:\SCI666\code\PhyCL-Net_experiments.py", line 1040, in _resolve_sisfall_root
    raise FileNotFoundError(
FileNotFoundError: Could not resolve SisFall root inside './data'. Ensure the folder contains 'ADL/' and 'FALL/' subdirectories.

2025-12-18 13:32:42,652 - INFO - Final Summary: {}
2025-12-18 13:33:11,665 - INFO - Logging initialized. Output directory: ./outputs
2025-12-18 13:33:12,679 - INFO - Optimized Config: {'dataset': 'sisfall', 'data_root': './data', 'out_dir': './outputs', 'model': 'phycl_net', 'epochs': 100, 'batch_size': 32, 'lr': 0.001, 'warmup_epochs': 5, 'accum_steps': 1, 'channels': 64, 'n_blocks': 4, 'kernel_sizes': [7, 15, 31, 63], 'freq_method': 'fft', 'fusion_variant': 'enhanced', 'fusion_kernel_sizes': (3, 5, 7), 'num_bands': 4, 'band_edges': None, 'adaptive_bands': True, 'attn_time': 'none', 'attn_freq': 'none', 'attn_fuse': 'none', 'attn_lite': 'none', 'faa_axis_attn': True, 'num_workers': 0, 'num_classes': 2, 'in_channels': 3, 'patience': 15, 'window_size': 512, 'stride': 256, 'channels_used': 'accel3', 'augment': False, 'noise_std': 0.05, 'scale_range': [0.9, 1.1], 'time_shift_ratio': 0.1, 'drop_prob': 0.1, 'eval_mode': 'loso', 'seeds': [1024], 'amp': False, 'weighted_loss': False, 'profile': False, 'run_robustness': False, 'run_ablation_suite': False, 'allow_metrics_fallback': False, 'viz_tsne': False, 'viz_tsne_stage': 'final', 'viz_routing': False, 'viz_gradcam': False, 'loso_max_folds': None, 'deterministic': False, 'use_tfcl': False, 'ablation': {'mspa': False, 'dks': True, 'faa': True, 'tfcl': True, 'center': True}, 'proj_dim': 128, 'tf_temperature': 0.1, 'tf_supervised_weight': 0.1, 'tf_cross_weight': 0.3, 'tf_hierarchical': True, 'label_smoothing': 0.0, 'min_patience': 5, 'patience_decay': 0.9, 'loss_alpha': 0.1, 'loss_beta': 0.01, 'rocket_kernels': 256, 'rocket_kernel_size': 9, 'lstm_hidden': 128, 'stat_baseline': None, 'sample_rate': 50.0, 'cross_eval': False, 'resume': None}
2025-12-18 13:33:12,679 - INFO - Seed set to 1024 (deterministic=False)
2025-12-18 13:33:12,680 - ERROR - Run failed for seed 1024: Could not resolve SisFall root inside './data'. Ensure the folder contains 'ADL/' and 'FALL/' subdirectories.
2025-12-18 13:33:12,680 - ERROR - Traceback (most recent call last):
  File "D:\SCI666\code\PhyCL-Net_experiments.py", line 2795, in main
    res = run_one_experiment(config, s, args.resume)
  File "D:\SCI666\code\PhyCL-Net_experiments.py", line 2265, in run_one_experiment
    sisfall_root = _resolve_sisfall_root(config['data_root'])
  File "D:\SCI666\code\PhyCL-Net_experiments.py", line 1040, in _resolve_sisfall_root
    raise FileNotFoundError(
FileNotFoundError: Could not resolve SisFall root inside './data'. Ensure the folder contains 'ADL/' and 'FALL/' subdirectories.

2025-12-18 13:33:12,680 - INFO - Final Summary: {}
2025-12-18 13:34:09,110 - INFO - Logging initialized. Output directory: ./outputs
2025-12-18 13:34:10,052 - INFO - Optimized Config: {'dataset': 'sisfall', 'data_root': './data', 'out_dir': './outputs', 'model': 'phycl_net', 'epochs': 100, 'batch_size': 32, 'lr': 0.001, 'warmup_epochs': 5, 'accum_steps': 1, 'channels': 64, 'n_blocks': 4, 'kernel_sizes': [7, 15, 31, 63], 'freq_method': 'fft', 'fusion_variant': 'enhanced', 'fusion_kernel_sizes': (3, 5, 7), 'num_bands': 4, 'band_edges': None, 'adaptive_bands': True, 'attn_time': 'none', 'attn_freq': 'none', 'attn_fuse': 'none', 'attn_lite': 'none', 'faa_axis_attn': True, 'num_workers': 0, 'num_classes': 2, 'in_channels': 3, 'patience': 15, 'window_size': 512, 'stride': 256, 'channels_used': 'accel3', 'augment': False, 'noise_std': 0.05, 'scale_range': [0.9, 1.1], 'time_shift_ratio': 0.1, 'drop_prob': 0.1, 'eval_mode': 'loso', 'seeds': [456], 'amp': False, 'weighted_loss': False, 'profile': False, 'run_robustness': False, 'run_ablation_suite': False, 'allow_metrics_fallback': False, 'viz_tsne': False, 'viz_tsne_stage': 'final', 'viz_routing': False, 'viz_gradcam': False, 'loso_max_folds': None, 'deterministic': False, 'use_tfcl': False, 'ablation': {'mspa': False, 'dks': True, 'faa': True, 'tfcl': True, 'center': True}, 'proj_dim': 128, 'tf_temperature': 0.1, 'tf_supervised_weight': 0.1, 'tf_cross_weight': 0.3, 'tf_hierarchical': True, 'label_smoothing': 0.0, 'min_patience': 5, 'patience_decay': 0.9, 'loss_alpha': 0.1, 'loss_beta': 0.01, 'rocket_kernels': 256, 'rocket_kernel_size': 9, 'lstm_hidden': 128, 'stat_baseline': None, 'sample_rate': 50.0, 'cross_eval': False, 'resume': None}
2025-12-18 13:34:10,052 - INFO - Seed set to 456 (deterministic=False)
2025-12-18 13:34:10,052 - ERROR - Run failed for seed 456: Could not resolve SisFall root inside './data'. Ensure the folder contains 'ADL/' and 'FALL/' subdirectories.
2025-12-18 13:34:10,053 - ERROR - Traceback (most recent call last):
  File "D:\SCI666\code\PhyCL-Net_experiments.py", line 2795, in main
    res = run_one_experiment(config, s, args.resume)
  File "D:\SCI666\code\PhyCL-Net_experiments.py", line 2265, in run_one_experiment
    sisfall_root = _resolve_sisfall_root(config['data_root'])
  File "D:\SCI666\code\PhyCL-Net_experiments.py", line 1040, in _resolve_sisfall_root
    raise FileNotFoundError(
FileNotFoundError: Could not resolve SisFall root inside './data'. Ensure the folder contains 'ADL/' and 'FALL/' subdirectories.

2025-12-18 13:34:10,053 - INFO - Final Summary: {}
2025-12-18 13:34:38,971 - INFO - Logging initialized. Output directory: ./outputs
2025-12-18 13:34:39,930 - INFO - Optimized Config: {'dataset': 'sisfall', 'data_root': './data', 'out_dir': './outputs', 'model': 'phycl_net', 'epochs': 100, 'batch_size': 32, 'lr': 0.001, 'warmup_epochs': 5, 'accum_steps': 1, 'channels': 64, 'n_blocks': 4, 'kernel_sizes': [7, 15, 31, 63], 'freq_method': 'fft', 'fusion_variant': 'enhanced', 'fusion_kernel_sizes': (3, 5, 7), 'num_bands': 4, 'band_edges': None, 'adaptive_bands': True, 'attn_time': 'none', 'attn_freq': 'none', 'attn_fuse': 'none', 'attn_lite': 'none', 'faa_axis_attn': True, 'num_workers': 0, 'num_classes': 2, 'in_channels': 3, 'patience': 15, 'window_size': 512, 'stride': 256, 'channels_used': 'accel3', 'augment': False, 'noise_std': 0.05, 'scale_range': [0.9, 1.1], 'time_shift_ratio': 0.1, 'drop_prob': 0.1, 'eval_mode': 'loso', 'seeds': [789], 'amp': False, 'weighted_loss': False, 'profile': False, 'run_robustness': False, 'run_ablation_suite': False, 'allow_metrics_fallback': False, 'viz_tsne': False, 'viz_tsne_stage': 'final', 'viz_routing': False, 'viz_gradcam': False, 'loso_max_folds': None, 'deterministic': False, 'use_tfcl': False, 'ablation': {'mspa': False, 'dks': True, 'faa': True, 'tfcl': True, 'center': True}, 'proj_dim': 128, 'tf_temperature': 0.1, 'tf_supervised_weight': 0.1, 'tf_cross_weight': 0.3, 'tf_hierarchical': True, 'label_smoothing': 0.0, 'min_patience': 5, 'patience_decay': 0.9, 'loss_alpha': 0.1, 'loss_beta': 0.01, 'rocket_kernels': 256, 'rocket_kernel_size': 9, 'lstm_hidden': 128, 'stat_baseline': None, 'sample_rate': 50.0, 'cross_eval': False, 'resume': None}
2025-12-18 13:34:39,930 - INFO - Seed set to 789 (deterministic=False)
2025-12-18 13:34:39,930 - ERROR - Run failed for seed 789: Could not resolve SisFall root inside './data'. Ensure the folder contains 'ADL/' and 'FALL/' subdirectories.
2025-12-18 13:34:39,931 - ERROR - Traceback (most recent call last):
  File "D:\SCI666\code\PhyCL-Net_experiments.py", line 2795, in main
    res = run_one_experiment(config, s, args.resume)
  File "D:\SCI666\code\PhyCL-Net_experiments.py", line 2265, in run_one_experiment
    sisfall_root = _resolve_sisfall_root(config['data_root'])
  File "D:\SCI666\code\PhyCL-Net_experiments.py", line 1040, in _resolve_sisfall_root
    raise FileNotFoundError(
FileNotFoundError: Could not resolve SisFall root inside './data'. Ensure the folder contains 'ADL/' and 'FALL/' subdirectories.

2025-12-18 13:34:39,931 - INFO - Final Summary: {}
2025-12-18 13:35:09,096 - INFO - Logging initialized. Output directory: ./outputs
2025-12-18 13:35:10,078 - INFO - Optimized Config: {'dataset': 'sisfall', 'data_root': './data', 'out_dir': './outputs', 'model': 'phycl_net', 'epochs': 100, 'batch_size': 32, 'lr': 0.001, 'warmup_epochs': 5, 'accum_steps': 1, 'channels': 64, 'n_blocks': 4, 'kernel_sizes': [7, 15, 31, 63], 'freq_method': 'fft', 'fusion_variant': 'enhanced', 'fusion_kernel_sizes': (3, 5, 7), 'num_bands': 4, 'band_edges': None, 'adaptive_bands': True, 'attn_time': 'none', 'attn_freq': 'none', 'attn_fuse': 'none', 'attn_lite': 'none', 'faa_axis_attn': True, 'num_workers': 0, 'num_classes': 2, 'in_channels': 3, 'patience': 15, 'window_size': 512, 'stride': 256, 'channels_used': 'accel3', 'augment': False, 'noise_std': 0.05, 'scale_range': [0.9, 1.1], 'time_shift_ratio': 0.1, 'drop_prob': 0.1, 'eval_mode': 'loso', 'seeds': [1024], 'amp': False, 'weighted_loss': False, 'profile': False, 'run_robustness': False, 'run_ablation_suite': False, 'allow_metrics_fallback': False, 'viz_tsne': False, 'viz_tsne_stage': 'final', 'viz_routing': False, 'viz_gradcam': False, 'loso_max_folds': None, 'deterministic': False, 'use_tfcl': False, 'ablation': {'mspa': False, 'dks': True, 'faa': True, 'tfcl': True, 'center': True}, 'proj_dim': 128, 'tf_temperature': 0.1, 'tf_supervised_weight': 0.1, 'tf_cross_weight': 0.3, 'tf_hierarchical': True, 'label_smoothing': 0.0, 'min_patience': 5, 'patience_decay': 0.9, 'loss_alpha': 0.1, 'loss_beta': 0.01, 'rocket_kernels': 256, 'rocket_kernel_size': 9, 'lstm_hidden': 128, 'stat_baseline': None, 'sample_rate': 50.0, 'cross_eval': False, 'resume': None}
2025-12-18 13:35:10,078 - INFO - Seed set to 1024 (deterministic=False)
2025-12-18 13:35:10,078 - ERROR - Run failed for seed 1024: Could not resolve SisFall root inside './data'. Ensure the folder contains 'ADL/' and 'FALL/' subdirectories.
2025-12-18 13:35:10,078 - ERROR - Traceback (most recent call last):
  File "D:\SCI666\code\PhyCL-Net_experiments.py", line 2795, in main
    res = run_one_experiment(config, s, args.resume)
  File "D:\SCI666\code\PhyCL-Net_experiments.py", line 2265, in run_one_experiment
    sisfall_root = _resolve_sisfall_root(config['data_root'])
  File "D:\SCI666\code\PhyCL-Net_experiments.py", line 1040, in _resolve_sisfall_root
    raise FileNotFoundError(
FileNotFoundError: Could not resolve SisFall root inside './data'. Ensure the folder contains 'ADL/' and 'FALL/' subdirectories.

2025-12-18 13:35:10,078 - INFO - Final Summary: {}
